actionid: tox
msg: packaging
cmdargs: ['/home/pi/.virtualenvs/spots/bin/python', local('/home/pi/app/spots/setup.py'), 'sdist', '--formats=zip', '--dist-dir', local('/home/pi/app/spots/.tox/dist')]
env: None

running sdist
running check
warning: check: missing required meta-data: url

warning: sdist: manifest template 'MANIFEST.in' does not exist (using default file list)

warning: sdist: standard file not found: should have one of README, README.txt

writing manifest file 'MANIFEST'
creating spots-1.0
making hard links in spots-1.0...
hard linking LICENSE.txt -> spots-1.0
hard linking README.md -> spots-1.0
hard linking adsb-packet.png -> spots-1.0
hard linking basic.py -> spots-1.0
hard linking modes1.bin -> spots-1.0
hard linking radar.py -> spots-1.0
hard linking setup.py -> spots-1.0
hard linking spots_config.json -> spots-1.0
hard linking squitter.json -> spots-1.0
hard linking squitter.py -> spots-1.0
hard linking test_CPR.py -> spots-1.0
hard linking tuner.py -> spots-1.0
creating .tox/dist
creating '.tox/dist/spots-1.0.zip' and adding 'spots-1.0' to it
adding 'spots-1.0/setup.py'
adding 'spots-1.0/tuner.py'
adding 'spots-1.0/basic.py'
adding 'spots-1.0/test_CPR.py'
adding 'spots-1.0/modes1.bin'
adding 'spots-1.0/README.md'
adding 'spots-1.0/squitter.py'
adding 'spots-1.0/adsb-packet.png'
adding 'spots-1.0/LICENSE.txt'
adding 'spots-1.0/spots_config.json'
adding 'spots-1.0/PKG-INFO'
adding 'spots-1.0/radar.py'
adding 'spots-1.0/squitter.json'
removing 'spots-1.0' (and everything under it)
